app/build/intermediates/manifest_merge_blame_file/debug/processDebugMainManifest/manifest-merger-blame-debug-report.txt
1<?xml version="1.0" encoding="utf-8"?>
2<manifest xmlns:android="http://schemas.android.com/apk/res/android"
3    package="com.example.blocktel"
4    android:versionCode="1"
5    android:versionName="1.0" >
6
7    <uses-sdk
8        android:minSdkVersion="33"
9        android:targetSdkVersion="36" />
10
11    <!-- Необходимые разрешения -->
12    <uses-permission android:name="android.permission.READ_CONTACTS" />
12-->src/main/AndroidManifest.xml:6:5-72
12-->src/main/AndroidManifest.xml:6:22-69
13    <uses-permission android:name="android.permission.READ_CALL_LOG" />
13-->src/main/AndroidManifest.xml:7:5-72
13-->src/main/AndroidManifest.xml:7:22-69
14    <uses-permission android:name="android.permission.READ_PHONE_STATE" />
14-->src/main/AndroidManifest.xml:8:5-75
14-->src/main/AndroidManifest.xml:8:22-72
15    <uses-permission android:name="android.permission.ANSWER_PHONE_CALLS" />
15-->src/main/AndroidManifest.xml:9:5-77
15-->src/main/AndroidManifest.xml:9:22-74
16    <uses-permission android:name="android.permission.POST_NOTIFICATIONS" />
16-->src/main/AndroidManifest.xml:10:5-77
16-->src/main/AndroidManifest.xml:10:22-74
17    <uses-permission android:name="android.permission.FOREGROUND_SERVICE" />
17-->src/main/AndroidManifest.xml:11:5-77
17-->src/main/AndroidManifest.xml:11:22-74
18    <uses-permission android:name="android.permission.FOREGROUND_SERVICE_PHONE_CALL" />
18-->src/main/AndroidManifest.xml:12:5-88
18-->src/main/AndroidManifest.xml:12:22-85
19    <uses-permission android:name="android.permission.CALL_PHONE" />
19-->src/main/AndroidManifest.xml:13:5-69
19-->src/main/AndroidManifest.xml:13:22-66
20    <uses-permission android:name="android.permission.MANAGE_OWN_CALLS" />
20-->src/main/AndroidManifest.xml:14:5-75
20-->src/main/AndroidManifest.xml:14:22-72
21    <uses-permission android:name="android.permission.BIND_SCREENING_SERVICE" />
21-->src/main/AndroidManifest.xml:15:5-81
21-->src/main/AndroidManifest.xml:15:22-78
22    <uses-permission android:name="android.permission.BIND_INCALL_SERVICE" />
22-->src/main/AndroidManifest.xml:16:5-78
22-->src/main/AndroidManifest.xml:16:22-75
23    <uses-permission android:name="android.permission.READ_PHONE_STATE" />
23-->src/main/AndroidManifest.xml:8:5-75
23-->src/main/AndroidManifest.xml:8:22-72
24    <uses-permission android:name="android.permission.CALL_PHONE" />
24-->src/main/AndroidManifest.xml:13:5-69
24-->src/main/AndroidManifest.xml:13:22-66
25    <uses-permission android:name="android.permission.SYSTEM_ALERT_WINDOW" />
25-->src/main/AndroidManifest.xml:20:5-77
25-->src/main/AndroidManifest.xml:20:22-75
26    <uses-permission android:name="android.permission.USE_FULL_SCREEN_INTENT" />
26-->src/main/AndroidManifest.xml:21:5-81
26-->src/main/AndroidManifest.xml:21:22-78
27    <uses-permission android:name="android.permission.MANAGE_OWN_CALLS" />
27-->src/main/AndroidManifest.xml:14:5-75
27-->src/main/AndroidManifest.xml:14:22-72
28    <uses-permission android:name="android.permission.ACCESS_NETWORK_STATE" />
28-->[androidx.media3:media3-common:1.9.2] AndroidManifest.xml:22:5-79
28-->[androidx.media3:media3-common:1.9.2] AndroidManifest.xml:22:22-76
29    <uses-permission android:name="android.permission.WAKE_LOCK" />
29-->[androidx.media3:media3-exoplayer:1.9.2] AndroidManifest.xml:23:5-68
29-->[androidx.media3:media3-exoplayer:1.9.2] AndroidManifest.xml:23:22-65
30    <uses-permission android:name="android.permission.INTERNET" />
30-->[com.google.firebase:firebase-database:21.0.0] AndroidManifest.xml:23:5-67
30-->[com.google.firebase:firebase-database:21.0.0] AndroidManifest.xml:23:22-64
31
32    <permission
32-->[androidx.core:core:1.16.0] AndroidManifest.xml:22:5-24:47
33        android:name="com.example.blocktel.DYNAMIC_RECEIVER_NOT_EXPORTED_PERMISSION"
33-->[androidx.core:core:1.16.0] AndroidManifest.xml:23:9-81
34        android:protectionLevel="signature" />
34-->[androidx.core:core:1.16.0] AndroidManifest.xml:24:9-44
35
36    <uses-permission android:name="com.example.blocktel.DYNAMIC_RECEIVER_NOT_EXPORTED_PERMISSION" />
36-->[androidx.core:core:1.16.0] AndroidManifest.xml:26:5-97
36-->[androidx.core:core:1.16.0] AndroidManifest.xml:26:22-94
37
38    <application
38-->src/main/AndroidManifest.xml:24:5-82:19
39        android:allowBackup="true"
39-->src/main/AndroidManifest.xml:25:9-35
40        android:appComponentFactory="androidx.core.app.CoreComponentFactory"
40-->[androidx.core:core:1.16.0] AndroidManifest.xml:28:18-86
41        android:debuggable="true"
42        android:extractNativeLibs="false"
43        android:icon="@mipmap/ic_launcher"
43-->src/main/AndroidManifest.xml:26:9-43
44        android:label="@string/app_name"
44-->src/main/AndroidManifest.xml:27:9-41
45        android:roundIcon="@mipmap/ic_launcher_round"
45-->src/main/AndroidManifest.xml:28:9-54
46        android:supportsRtl="true"
46-->src/main/AndroidManifest.xml:29:9-35
47        android:theme="@style/Theme.BlockTel1" >
47-->src/main/AndroidManifest.xml:30:9-47
48        <activity
48-->src/main/AndroidManifest.xml:32:9-52:20
49            android:name="com.example.blocktel1.MainActivity"
49-->src/main/AndroidManifest.xml:33:13-41
50            android:exported="true"
50-->src/main/AndroidManifest.xml:34:13-36
51            android:launchMode="singleTask" >
51-->src/main/AndroidManifest.xml:35:13-44
52            <intent-filter>
52-->src/main/AndroidManifest.xml:37:13-40:29
53                <action android:name="android.intent.action.MAIN" />
53-->src/main/AndroidManifest.xml:38:17-69
53-->src/main/AndroidManifest.xml:38:25-66
54
55                <category android:name="android.intent.category.LAUNCHER" />
55-->src/main/AndroidManifest.xml:39:17-77
55-->src/main/AndroidManifest.xml:39:27-74
56            </intent-filter>
57
58            <!-- Для приложения по умолчанию -->
59            <intent-filter>
59-->src/main/AndroidManifest.xml:43:13-46:29
60                <action android:name="android.intent.action.DIAL" />
60-->src/main/AndroidManifest.xml:44:17-69
60-->src/main/AndroidManifest.xml:44:25-66
61
62                <category android:name="android.intent.category.DEFAULT" />
62-->src/main/AndroidManifest.xml:45:17-76
62-->src/main/AndroidManifest.xml:45:27-73
63            </intent-filter>
64            <intent-filter>
64-->src/main/AndroidManifest.xml:47:13-51:29
65                <action android:name="android.intent.action.DIAL" />
65-->src/main/AndroidManifest.xml:44:17-69
65-->src/main/AndroidManifest.xml:44:25-66
66
67                <category android:name="android.intent.category.DEFAULT" />
67-->src/main/AndroidManifest.xml:45:17-76
67-->src/main/AndroidManifest.xml:45:27-73
68
69                <data android:scheme="tel" />
69-->src/main/AndroidManifest.xml:50:17-46
69-->src/main/AndroidManifest.xml:50:23-43
70            </intent-filter>
71        </activity>
72
73        <service
73-->src/main/AndroidManifest.xml:54:9-58:57
74            android:name="com.example.blocktel1.CallBlockingService"
74-->src/main/AndroidManifest.xml:55:13-48
75            android:enabled="true"
75-->src/main/AndroidManifest.xml:56:13-35
76            android:exported="false"
76-->src/main/AndroidManifest.xml:57:13-37
77            android:foregroundServiceType="phoneCall" />
77-->src/main/AndroidManifest.xml:58:13-54
78        <service
78-->src/main/AndroidManifest.xml:60:9-68:19
79            android:name="com.example.blocktel1.MyCallScreeningService"
79-->src/main/AndroidManifest.xml:61:13-51
80            android:enabled="true"
80-->src/main/AndroidManifest.xml:63:13-35
81            android:exported="true"
81-->src/main/AndroidManifest.xml:64:13-36
82            android:permission="android.permission.BIND_SCREENING_SERVICE" >
82-->src/main/AndroidManifest.xml:62:13-75
83            <intent-filter>
83-->src/main/AndroidManifest.xml:65:13-67:29
84                <action android:name="android.telecom.CallScreeningService" />
84-->src/main/AndroidManifest.xml:66:17-79
84-->src/main/AndroidManifest.xml:66:25-76
85            </intent-filter>
86        </service>
87        <service
87-->src/main/AndroidManifest.xml:70:9-80:19
88            android:name="com.example.blocktel1.MyInCallService"
88-->src/main/AndroidManifest.xml:71:13-44
89            android:exported="true"
89-->src/main/AndroidManifest.xml:73:13-36
90            android:permission="android.permission.BIND_INCALL_SERVICE" >
90-->src/main/AndroidManifest.xml:72:13-72
91            <meta-data
91-->src/main/AndroidManifest.xml:74:13-76:40
92                android:name="android.telecom.IN_CALL_SERVICE_UI"
92-->src/main/AndroidManifest.xml:75:17-66
93                android:value="true" />
93-->src/main/AndroidManifest.xml:76:17-37
94
95            <intent-filter>
95-->src/main/AndroidManifest.xml:77:13-79:29
96                <action android:name="android.telecom.InCallService" />
96-->src/main/AndroidManifest.xml:78:17-72
96-->src/main/AndroidManifest.xml:78:25-69
97            </intent-filter>
98        </service>
99
100        <activity
100-->[com.google.android.gms:play-services-auth:21.5.1] AndroidManifest.xml:23:9-27:75
101            android:name="com.google.android.gms.auth.api.signin.internal.SignInHubActivity"
101-->[com.google.android.gms:play-services-auth:21.5.1] AndroidManifest.xml:24:13-93
102            android:excludeFromRecents="true"
102-->[com.google.android.gms:play-services-auth:21.5.1] AndroidManifest.xml:25:13-46
103            android:exported="false"
103-->[com.google.android.gms:play-services-auth:21.5.1] AndroidManifest.xml:26:13-37
104            android:theme="@android:style/Theme.Translucent.NoTitleBar" />
104-->[com.google.android.gms:play-services-auth:21.5.1] AndroidManifest.xml:27:13-72
105        <!--
106            Service handling Google Sign-In user revocation. For apps that do not integrate with
107            Google Sign-In, this service will never be started.
108        -->
109        <service
109-->[com.google.android.gms:play-services-auth:21.5.1] AndroidManifest.xml:33:9-37:51
110            android:name="com.google.android.gms.auth.api.signin.RevocationBoundService"
110-->[com.google.android.gms:play-services-auth:21.5.1] AndroidManifest.xml:34:13-89
111            android:exported="true"
111-->[com.google.android.gms:play-services-auth:21.5.1] AndroidManifest.xml:35:13-36
112            android:permission="com.google.android.gms.auth.api.signin.permission.REVOCATION_NOTIFICATION"
112-->[com.google.android.gms:play-services-auth:21.5.1] AndroidManifest.xml:36:13-107
113            android:visibleToInstantApps="true" />
113-->[com.google.android.gms:play-services-auth:21.5.1] AndroidManifest.xml:37:13-48
114        <service
114-->[com.google.firebase:firebase-database-ktx:21.0.0] AndroidManifest.xml:9:9-15:19
115            android:name="com.google.firebase.components.ComponentDiscoveryService"
115-->[com.google.firebase:firebase-database-ktx:21.0.0] AndroidManifest.xml:10:13-84
116            android:directBootAware="true"
116-->[com.google.firebase:firebase-common:21.0.0] AndroidManifest.xml:32:13-43
117            android:exported="false" >
117-->[com.google.firebase:firebase-database-ktx:21.0.0] AndroidManifest.xml:11:13-37
118            <meta-data
118-->[com.google.firebase:firebase-database-ktx:21.0.0] AndroidManifest.xml:12:13-14:85
119                android:name="com.google.firebase.components:com.google.firebase.database.ktx.FirebaseDatabaseLegacyRegistrar"
119-->[com.google.firebase:firebase-database-ktx:21.0.0] AndroidManifest.xml:13:17-127
120                android:value="com.google.firebase.components.ComponentRegistrar" />
120-->[com.google.firebase:firebase-database-ktx:21.0.0] AndroidManifest.xml:14:17-82
121            <meta-data
121-->[com.google.firebase:firebase-database:21.0.0] AndroidManifest.xml:29:13-31:85
122                android:name="com.google.firebase.components:com.google.firebase.database.FirebaseDatabaseKtxRegistrar"
122-->[com.google.firebase:firebase-database:21.0.0] AndroidManifest.xml:30:17-120
123                android:value="com.google.firebase.components.ComponentRegistrar" />
123-->[com.google.firebase:firebase-database:21.0.0] AndroidManifest.xml:31:17-82
124            <meta-data
124-->[com.google.firebase:firebase-database:21.0.0] AndroidManifest.xml:32:13-34:85
125                android:name="com.google.firebase.components:com.google.firebase.database.DatabaseRegistrar"
125-->[com.google.firebase:firebase-database:21.0.0] AndroidManifest.xml:33:17-109
126                android:value="com.google.firebase.components.ComponentRegistrar" />
126-->[com.google.firebase:firebase-database:21.0.0] AndroidManifest.xml:34:17-82
127            <meta-data
127-->[com.google.firebase:firebase-common-ktx:21.0.0] AndroidManifest.xml:12:13-14:85
128                android:name="com.google.firebase.components:com.google.firebase.ktx.FirebaseCommonLegacyRegistrar"
128-->[com.google.firebase:firebase-common-ktx:21.0.0] AndroidManifest.xml:13:17-116
129                android:value="com.google.firebase.components.ComponentRegistrar" />
129-->[com.google.firebase:firebase-common-ktx:21.0.0] AndroidManifest.xml:14:17-82
130            <meta-data
130-->[com.google.firebase:firebase-common:21.0.0] AndroidManifest.xml:35:13-37:85
131                android:name="com.google.firebase.components:com.google.firebase.FirebaseCommonKtxRegistrar"
131-->[com.google.firebase:firebase-common:21.0.0] AndroidManifest.xml:36:17-109
132                android:value="com.google.firebase.components.ComponentRegistrar" />
132-->[com.google.firebase:firebase-common:21.0.0] AndroidManifest.xml:37:17-82
133        </service>
134
135        <provider
135-->[com.google.firebase:firebase-common:21.0.0] AndroidManifest.xml:23:9-28:39
136            android:name="com.google.firebase.provider.FirebaseInitProvider"
136-->[com.google.firebase:firebase-common:21.0.0] AndroidManifest.xml:24:13-77
137            android:authorities="com.example.blocktel.firebaseinitprovider"
137-->[com.google.firebase:firebase-common:21.0.0] AndroidManifest.xml:25:13-72
138            android:directBootAware="true"
138-->[com.google.firebase:firebase-common:21.0.0] AndroidManifest.xml:26:13-43
139            android:exported="false"
139-->[com.google.firebase:firebase-common:21.0.0] AndroidManifest.xml:27:13-37
140            android:initOrder="100" />
140-->[com.google.firebase:firebase-common:21.0.0] AndroidManifest.xml:28:13-36
141
142        <activity
142-->[com.google.android.gms:play-services-base:18.5.0] AndroidManifest.xml:5:9-173
143            android:name="com.google.android.gms.common.api.GoogleApiActivity"
143-->[com.google.android.gms:play-services-base:18.5.0] AndroidManifest.xml:5:19-85
144            android:exported="false"
144-->[com.google.android.gms:play-services-base:18.5.0] AndroidManifest.xml:5:146-170
145            android:theme="@android:style/Theme.Translucent.NoTitleBar" />
145-->[com.google.android.gms:play-services-base:18.5.0] AndroidManifest.xml:5:86-145
146        <activity
146-->[androidx.compose.ui:ui-test-manifest:1.10.5] AndroidManifest.xml:23:9-26:79
147            android:name="androidx.activity.ComponentActivity"
147-->[androidx.compose.ui:ui-test-manifest:1.10.5] AndroidManifest.xml:24:13-63
148            android:exported="true"
148-->[androidx.compose.ui:ui-test-manifest:1.10.5] AndroidManifest.xml:25:13-36
149            android:theme="@android:style/Theme.Material.Light.NoActionBar" />
149-->[androidx.compose.ui:ui-test-manifest:1.10.5] AndroidManifest.xml:26:13-76
150        <activity
150-->[androidx.compose.ui:ui-tooling-android:1.10.5] AndroidManifest.xml:23:9-25:39
151            android:name="androidx.compose.ui.tooling.PreviewActivity"
151-->[androidx.compose.ui:ui-tooling-android:1.10.5] AndroidManifest.xml:24:13-71
152            android:exported="true" />
152-->[androidx.compose.ui:ui-tooling-android:1.10.5] AndroidManifest.xml:25:13-36
153
154        <provider
154-->[androidx.emoji2:emoji2:1.4.0] AndroidManifest.xml:24:9-32:20
155            android:name="androidx.startup.InitializationProvider"
155-->[androidx.emoji2:emoji2:1.4.0] AndroidManifest.xml:25:13-67
156            android:authorities="com.example.blocktel.androidx-startup"
156-->[androidx.emoji2:emoji2:1.4.0] AndroidManifest.xml:26:13-68
157            android:exported="false" >
157-->[androidx.emoji2:emoji2:1.4.0] AndroidManifest.xml:27:13-37
158            <meta-data
158-->[androidx.emoji2:emoji2:1.4.0] AndroidManifest.xml:29:13-31:52
159                android:name="androidx.emoji2.text.EmojiCompatInitializer"
159-->[androidx.emoji2:emoji2:1.4.0] AndroidManifest.xml:30:17-75
160                android:value="androidx.startup" />
160-->[androidx.emoji2:emoji2:1.4.0] AndroidManifest.xml:31:17-49
161            <meta-data
161-->[androidx.lifecycle:lifecycle-process:2.9.4] AndroidManifest.xml:29:13-31:52
162                android:name="androidx.lifecycle.ProcessLifecycleInitializer"
162-->[androidx.lifecycle:lifecycle-process:2.9.4] AndroidManifest.xml:30:17-78
163                android:value="androidx.startup" />
163-->[androidx.lifecycle:lifecycle-process:2.9.4] AndroidManifest.xml:31:17-49
164            <meta-data
164-->[com.squareup.okhttp3:okhttp-android:5.3.2] AndroidManifest.xml:16:13-18:52
165                android:name="okhttp3.internal.platform.PlatformInitializer"
165-->[com.squareup.okhttp3:okhttp-android:5.3.2] AndroidManifest.xml:17:17-77
166                android:value="androidx.startup" />
166-->[com.squareup.okhttp3:okhttp-android:5.3.2] AndroidManifest.xml:18:17-49
167            <meta-data
167-->[androidx.profileinstaller:profileinstaller:1.4.0] AndroidManifest.xml:29:13-31:52
168                android:name="androidx.profileinstaller.ProfileInstallerInitializer"
168-->[androidx.profileinstaller:profileinstaller:1.4.0] AndroidManifest.xml:30:17-85
169                android:value="androidx.startup" />
169-->[androidx.profileinstaller:profileinstaller:1.4.0] AndroidManifest.xml:31:17-49
170        </provider>
171
172        <uses-library
172-->[androidx.window:window:1.5.0] AndroidManifest.xml:23:9-25:40
173            android:name="androidx.window.extensions"
173-->[androidx.window:window:1.5.0] AndroidManifest.xml:24:13-54
174            android:required="false" />
174-->[androidx.window:window:1.5.0] AndroidManifest.xml:25:13-37
175        <uses-library
175-->[androidx.window:window:1.5.0] AndroidManifest.xml:26:9-28:40
176            android:name="androidx.window.sidecar"
176-->[androidx.window:window:1.5.0] AndroidManifest.xml:27:13-51
177            android:required="false" />
177-->[androidx.window:window:1.5.0] AndroidManifest.xml:28:13-37
178
179        <meta-data
179-->[com.google.android.gms:play-services-basement:18.9.0] AndroidManifest.xml:21:9-23:69
180            android:name="com.google.android.gms.version"
180-->[com.google.android.gms:play-services-basement:18.9.0] AndroidManifest.xml:22:13-58
181            android:value="@integer/google_play_services_version" />
181-->[com.google.android.gms:play-services-basement:18.9.0] AndroidManifest.xml:23:13-66
182
183        <receiver
183-->[androidx.profileinstaller:profileinstaller:1.4.0] AndroidManifest.xml:34:9-52:20
184            android:name="androidx.profileinstaller.ProfileInstallReceiver"
184-->[androidx.profileinstaller:profileinstaller:1.4.0] AndroidManifest.xml:35:13-76
185            android:directBootAware="false"
185-->[androidx.profileinstaller:profileinstaller:1.4.0] AndroidManifest.xml:36:13-44
186            android:enabled="true"
186-->[androidx.profileinstaller:profileinstaller:1.4.0] AndroidManifest.xml:37:13-35
187            android:exported="true"
187-->[androidx.profileinstaller:profileinstaller:1.4.0] AndroidManifest.xml:38:13-36
188            android:permission="android.permission.DUMP" >
188-->[androidx.profileinstaller:profileinstaller:1.4.0] AndroidManifest.xml:39:13-57
189            <intent-filter>
189-->[androidx.profileinstaller:profileinstaller:1.4.0] AndroidManifest.xml:40:13-42:29
190                <action android:name="androidx.profileinstaller.action.INSTALL_PROFILE" />
190-->[androidx.profileinstaller:profileinstaller:1.4.0] AndroidManifest.xml:41:17-91
190-->[androidx.profileinstaller:profileinstaller:1.4.0] AndroidManifest.xml:41:25-88
191            </intent-filter>
192            <intent-filter>
192-->[androidx.profileinstaller:profileinstaller:1.4.0] AndroidManifest.xml:43:13-45:29
193                <action android:name="androidx.profileinstaller.action.SKIP_FILE" />
193-->[androidx.profileinstaller:profileinstaller:1.4.0] AndroidManifest.xml:44:17-85
193-->[androidx.profileinstaller:profileinstaller:1.4.0] AndroidManifest.xml:44:25-82
194            </intent-filter>
195            <intent-filter>
195-->[androidx.profileinstaller:profileinstaller:1.4.0] AndroidManifest.xml:46:13-48:29
196                <action android:name="androidx.profileinstaller.action.SAVE_PROFILE" />
196-->[androidx.profileinstaller:profileinstaller:1.4.0] AndroidManifest.xml:47:17-88
196-->[androidx.profileinstaller:profileinstaller:1.4.0] AndroidManifest.xml:47:25-85
197            </intent-filter>
198            <intent-filter>
198-->[androidx.profileinstaller:profileinstaller:1.4.0] AndroidManifest.xml:49:13-51:29
199                <action android:name="androidx.profileinstaller.action.BENCHMARK_OPERATION" />
199-->[androidx.profileinstaller:profileinstaller:1.4.0] AndroidManifest.xml:50:17-95
199-->[androidx.profileinstaller:profileinstaller:1.4.0] AndroidManifest.xml:50:25-92
200            </intent-filter>
201        </receiver>
202    </application>
203
204</manifest>